<?xml version="1.0" encoding="UTF-8"?>
<!-- Generated by org.testng.reporters.JUnitXMLReporter -->
<testsuite hostname="Giridhars-Air" ignored="0" name="Default test" tests="1" failures="1" timestamp="17 Jun 2019 07:26:20 GMT" time="0.406" errors="0">
  <testcase name="feature" time="0.189" classname="com.testautomationworld.runners.TestRunner">
    <failure type="java.lang.NullPointerException">
      <![CDATA[java.lang.NullPointerException
at com.testautomationworld.stepDef.AutomationPracticeStepDef.a(AutomationPracticeStepDef.java:39)
at ✽.I am in the AutomationPractice homepage(./features/AutomationPractice.feature:7)
]]>
    </failure>
  </testcase> <!-- feature -->
</testsuite> <!-- Default test -->
