<?xml version="1.0" encoding="UTF-8"?>
<!-- Generated by org.testng.reporters.JUnitXMLReporter -->
<testsuite hostname="Giridhars-Air" ignored="0" name="Youtube Automation Test Report" tests="1" failures="1" timestamp="17 Jun 2019 07:42:57 GMT" time="178.653" errors="0">
  <testcase name="feature" time="178.154" classname="com.testautomationworld.runners.TestRunner">
    <failure type="org.openqa.selenium.NoSuchSessionException" message="Session ID is null. Using WebDriver after calling quit()?
Build info: version: &amp;apos;3.11.0&amp;apos;, revision: &amp;apos;e59cfb3&amp;apos;, time: &amp;apos;2018-03-11T20:26:55.152Z&amp;apos;
System info: host: &amp;apos;Giridhars-Air&amp;apos;, ip: &amp;apos;fe80:0:0:0:d2:bd0a:b0b5:290e%en0&amp;apos;, os.name: &amp;apos;Mac OS X&amp;apos;, os.arch: &amp;apos;x86_64&amp;apos;, os.version: &amp;apos;10.14.4&amp;apos;, java.version: &amp;apos;1.8.0_191&amp;apos;
Driver info: driver.version: RemoteWebDriver">
      <![CDATA[org.openqa.selenium.NoSuchSessionException: Session ID is null. Using WebDriver after calling quit()?
Build info: version: '3.11.0', revision: 'e59cfb3', time: '2018-03-11T20:26:55.152Z'
System info: host: 'Giridhars-Air', ip: 'fe80:0:0:0:d2:bd0a:b0b5:290e%en0', os.name: 'Mac OS X', os.arch: 'x86_64', os.version: '10.14.4', java.version: '1.8.0_191'
Driver info: driver.version: RemoteWebDriver
at org.openqa.selenium.remote.HttpCommandExecutor.execute(HttpCommandExecutor.java:125)
at org.openqa.selenium.remote.service.DriverCommandExecutor.execute(DriverCommandExecutor.java:83)
at org.openqa.selenium.remote.RemoteWebDriver.execute(RemoteWebDriver.java:545)
at org.openqa.selenium.remote.RemoteWebDriver.execute(RemoteWebDriver.java:602)
at org.openqa.selenium.remote.RemoteWebDriver.getScreenshotAs(RemoteWebDriver.java:291)
at com.testautomationworld.listeners.ExtentReportListener.captureScreenShot(ExtentReportListener.java:73)
at com.testautomationworld.listeners.ExtentReportListener.testStepHandle(ExtentReportListener.java:52)
at com.testautomationworld.stepDef.YoutubeFeatureStepDef.validate_channel_name(YoutubeFeatureStepDef.java:126)
at ✽.I should be taken to T4TA Channel page(./features/YoutubeFeature.feature:10)
]]>
    </failure>
  </testcase> <!-- feature -->
</testsuite> <!-- Youtube Automation Test Report -->
