<?xml version="1.0" encoding="UTF-8"?>
<!-- Generated by org.testng.reporters.JUnitReportReporter -->
<testsuite skipped="0" hostname="Giridhars-Air" name="com.testautomationworld.runners.TestRunner" tests="1" failures="0" timestamp="17 Jun 2019 07:42:58 GMT" time="178.154" errors="1">
  <testcase name="feature" time="178.154" classname="com.testautomationworld.runners.TestRunner">
    <error type="org.openqa.selenium.NoSuchSessionException" message="Session ID is null. Using WebDriver after calling quit()?
Build info: version: &#039;3.11.0&#039;, revision: &#039;e59cfb3&#039;, time: &#039;2018-03-11T20:26:55.152Z&#039;
System info: host: &#039;Giridhars-Air&#039;, ip: &#039;fe80:0:0:0:d2:bd0a:b0b5:290e%en0&#039;, os.name: &#039;Mac OS X&#039;, os.arch: &#039;x86_64&#039;, os.version: &#039;10.14.4&#039;, java.version: &#039;1.8.0_191&#039;
Driver info: driver.version: RemoteWebDriver">
      <![CDATA[org.openqa.selenium.NoSuchSessionException: Session ID is null. Using WebDriver after calling quit()?
Build info: version: '3.11.0', revision: 'e59cfb3', time: '2018-03-11T20:26:55.152Z'
System info: host: 'Giridhars-Air', ip: 'fe80:0:0:0:d2:bd0a:b0b5:290e%en0', os.name: 'Mac OS X', os.arch: 'x86_64', os.version: '10.14.4', java.version: '1.8.0_191'
Driver info: driver.version: RemoteWebDriver
at org.openqa.selenium.remote.HttpCommandExecutor.execute(HttpCommandExecutor.java:125)
at org.openqa.selenium.remote.service.DriverCommandExecutor.execute(DriverCommandExecutor.java:83)
at org.openqa.selenium.remote.RemoteWebDriver.execute(RemoteWebDriver.java:545)
at org.openqa.selenium.remote.RemoteWebDriver.execute(RemoteWebDriver.java:602)
at org.openqa.selenium.remote.RemoteWebDriver.getScreenshotAs(RemoteWebDriver.java:291)
at com.testautomationworld.listeners.ExtentReportListener.captureScreenShot(ExtentReportListener.java:73)
at com.testautomationworld.listeners.ExtentReportListener.testStepHandle(ExtentReportListener.java:52)
at com.testautomationworld.stepDef.YoutubeFeatureStepDef.validate_channel_name(YoutubeFeatureStepDef.java:126)
at ✽.I should be taken to T4TA Channel page(./features/YoutubeFeature.feature:10)
]]>
    </error>
  </testcase> <!-- feature -->
</testsuite> <!-- com.testautomationworld.runners.TestRunner -->
